0 info it worked if it ends with ok
1 verbose cli [ '/Users/geeku/.nvm/versions/node/v7.0.0/bin/node',
1 verbose cli   '/Users/geeku/.nvm/versions/node/v7.0.0/bin/npm',
1 verbose cli   'run',
1 verbose cli   'build' ]
2 info using npm@3.10.8
3 info using node@v7.0.0
4 verbose run-script [ 'prebuild', 'build', 'postbuild' ]
5 info lifecycle ife2017@1.0.0~prebuild: ife2017@1.0.0
6 silly lifecycle ife2017@1.0.0~prebuild: no script for prebuild, continuing
7 info lifecycle ife2017@1.0.0~build: ife2017@1.0.0
8 verbose lifecycle ife2017@1.0.0~build: unsafe-perm in lifecycle true
9 verbose lifecycle ife2017@1.0.0~build: PATH: /Users/geeku/.nvm/versions/node/v7.0.0/lib/node_modules/npm/bin/node-gyp-bin:/Users/geeku/Projects/Frontend/IFE2017/node_modules/.bin:/Users/geeku/.yarn/bin:/usr/local/opt/php70/bin:/Users/geeku/.nvm/versions/node/v7.0.0/bin:/usr/local/bin:/Users/geeku/.yarn/bin:/usr/local/opt/php70/bin:/usr/local/bin:/Library/Frameworks/Python.framework/Versions/3.5/bin:/usr/local/bin:/usr/bin:/bin:/usr/sbin:/sbin:/opt/X11/bin:/usr/local/go/bin:/opt/ImageMagick/bin
10 verbose lifecycle ife2017@1.0.0~build: CWD: /Users/geeku/Projects/Frontend/IFE2017
11 silly lifecycle ife2017@1.0.0~build: Args: [ '-c',
11 silly lifecycle   'NODE_ENV=\'production\' webpack -p --progress --colors' ]
12 silly lifecycle ife2017@1.0.0~build: Returned: code: 2  signal: null
13 info lifecycle ife2017@1.0.0~build: Failed to exec build script
14 verbose stack Error: ife2017@1.0.0 build: `NODE_ENV='production' webpack -p --progress --colors`
14 verbose stack Exit status 2
14 verbose stack     at EventEmitter.<anonymous> (/Users/geeku/.nvm/versions/node/v7.0.0/lib/node_modules/npm/lib/utils/lifecycle.js:255:16)
14 verbose stack     at emitTwo (events.js:106:13)
14 verbose stack     at EventEmitter.emit (events.js:191:7)
14 verbose stack     at ChildProcess.<anonymous> (/Users/geeku/.nvm/versions/node/v7.0.0/lib/node_modules/npm/lib/utils/spawn.js:40:14)
14 verbose stack     at emitTwo (events.js:106:13)
14 verbose stack     at ChildProcess.emit (events.js:191:7)
14 verbose stack     at maybeClose (internal/child_process.js:877:16)
14 verbose stack     at Process.ChildProcess._handle.onexit (internal/child_process.js:226:5)
15 verbose pkgid ife2017@1.0.0
16 verbose cwd /Users/geeku/Projects/Frontend/IFE2017
17 error Darwin 16.4.0
18 error argv "/Users/geeku/.nvm/versions/node/v7.0.0/bin/node" "/Users/geeku/.nvm/versions/node/v7.0.0/bin/npm" "run" "build"
19 error node v7.0.0
20 error npm  v3.10.8
21 error code ELIFECYCLE
22 error ife2017@1.0.0 build: `NODE_ENV='production' webpack -p --progress --colors`
22 error Exit status 2
23 error Failed at the ife2017@1.0.0 build script 'NODE_ENV='production' webpack -p --progress --colors'.
23 error Make sure you have the latest version of node.js and npm installed.
23 error If you do, this is most likely a problem with the ife2017 package,
23 error not with npm itself.
23 error Tell the author that this fails on your system:
23 error     NODE_ENV='production' webpack -p --progress --colors
23 error You can get information on how to open an issue for this project with:
23 error     npm bugs ife2017
23 error Or if that isn't available, you can get their info via:
23 error     npm owner ls ife2017
23 error There is likely additional logging output above.
24 verbose exit [ 1, true ]
